<?xml version="1.0" encoding="UTF-8"?>
<!-- Generated by org.testng.reporters.JUnitXMLReporter -->
<testsuite ignored="0" hostname="CR7" failures="0" tests="4" name="Default test" time="0.093" errors="0" timestamp="2024-11-16T21:10:58 EST">
  <testcase classname="ParallelExecution_XMLSuite.TestNGParallelTesting1" name="Test1" time="0.015"/>
  <testcase classname="ParallelExecution_XMLSuite.TestNGParallelTesting1" name="Test1" time="0.016"/>
  <testcase classname="ParallelExecution_XMLSuite.TestNGParallelTesting1" name="Test2" time="0.003"/>
  <testcase classname="ParallelExecution_XMLSuite.TestNGParallelTesting1" name="Test3" time="0.001"/>
</testsuite> <!-- Default test -->
