<?xml version="1.0" encoding="UTF-8"?>
<!-- Generated by org.testng.reporters.JUnitXMLReporter -->
<testsuite ignored="0" hostname="CR7" failures="0" tests="5" name="Test1" time="0.065" errors="0" timestamp="2024-11-16T19:17:47 EST">
  <testcase classname="ParallelExecution.TestNGParallelTesting" name="Test2" time="0.01"/>
  <testcase classname="ParallelExecution.TestNGParallelTesting" name="Test1" time="0.012"/>
  <testcase classname="ParallelExecution.TestNGParallelTesting" name="Test1" time="0.012"/>
  <testcase classname="ParallelExecution.TestNGParallelTesting" name="Test3" time="0.001"/>
  <testcase classname="ParallelExecution.TestNGParallelTesting" name="Test1" time="0.003"/>
</testsuite> <!-- Test1 -->
