<?xml version="1.0" encoding="UTF-8"?>
<!-- Generated by org.testng.reporters.JUnitXMLReporter -->
<testsuite ignored="0" hostname="CR7" failures="0" tests="8" name="Test" time="0.068" errors="0" timestamp="2024-11-16T19:49:40 EST">
  <testcase classname="ParallelExecution_XMLSuite.TestNGParallelTesting2" name="Test4" time="0.01"/>
  <testcase classname="ParallelExecution_XMLSuite.TestNGParallelTesting1" name="Test1" time="0.012"/>
  <testcase classname="ParallelExecution_XMLSuite.TestNGParallelTesting1" name="Test1" time="0.011"/>
  <testcase classname="ParallelExecution_XMLSuite.TestNGParallelTesting2" name="Test5" time="0.002"/>
  <testcase classname="ParallelExecution_XMLSuite.TestNGParallelTesting1" name="Test1" time="0.002"/>
  <testcase classname="ParallelExecution_XMLSuite.TestNGParallelTesting2" name="Test6" time="0.002"/>
  <testcase classname="ParallelExecution_XMLSuite.TestNGParallelTesting1" name="Test2" time="0.001"/>
  <testcase classname="ParallelExecution_XMLSuite.TestNGParallelTesting1" name="Test3" time="0.001"/>
</testsuite> <!-- Test -->
