<?xml version="1.0" encoding="UTF-8"?>
<testng-results ignored="0" total="7" passed="6" failed="1" skipped="0">
  <reporter-output>
  </reporter-output>
  <suite started-at="2024-10-17T21:53:12 EDT" name="Default suite" finished-at="2024-10-17T21:53:26 EDT" duration-ms="13671">
    <groups>
    </groups>
    <test started-at="2024-10-17T21:53:12 EDT" name="Default test" finished-at="2024-10-17T21:53:26 EDT" duration-ms="13671">
      <class name="LibraryAPI.LibraryAPI">
        <test-method signature="NewBook(java.lang.String,int)[pri:1, instance:LibraryAPI.LibraryAPI@351d00c0]" started-at="2024-10-17T21:53:13 EDT" name="NewBook" data-provider="NewBooks" finished-at="2024-10-17T21:53:16 EDT" duration-ms="3483" status="PASS">
          <params>
            <param index="0">
              <value>
                <![CDATA[Nish]]>
              </value>
            </param>
            <param index="1">
              <value>
                <![CDATA[100]]>
              </value>
            </param>
          </params>
          <reporter-output>
          </reporter-output>
        </test-method> <!-- NewBook -->
        <test-method signature="NewBook(java.lang.String,int)[pri:1, instance:LibraryAPI.LibraryAPI@351d00c0]" started-at="2024-10-17T21:53:16 EDT" name="NewBook" data-provider="NewBooks" finished-at="2024-10-17T21:53:17 EDT" duration-ms="787" status="PASS">
          <params>
            <param index="0">
              <value>
                <![CDATA[Rich]]>
              </value>
            </param>
            <param index="1">
              <value>
                <![CDATA[200]]>
              </value>
            </param>
          </params>
          <reporter-output>
          </reporter-output>
        </test-method> <!-- NewBook -->
        <test-method signature="GetBook(java.lang.String,int)[pri:2, instance:LibraryAPI.LibraryAPI@351d00c0]" started-at="2024-10-17T21:53:17 EDT" name="GetBook" data-provider="NewBooks" finished-at="2024-10-17T21:53:18 EDT" duration-ms="1395" status="PASS">
          <params>
            <param index="0">
              <value>
                <![CDATA[Nish]]>
              </value>
            </param>
            <param index="1">
              <value>
                <![CDATA[100]]>
              </value>
            </param>
          </params>
          <reporter-output>
          </reporter-output>
        </test-method> <!-- GetBook -->
        <test-method signature="GetBook(java.lang.String,int)[pri:2, instance:LibraryAPI.LibraryAPI@351d00c0]" started-at="2024-10-17T21:53:18 EDT" name="GetBook" data-provider="NewBooks" finished-at="2024-10-17T21:53:19 EDT" duration-ms="792" status="PASS">
          <params>
            <param index="0">
              <value>
                <![CDATA[Rich]]>
              </value>
            </param>
            <param index="1">
              <value>
                <![CDATA[200]]>
              </value>
            </param>
          </params>
          <reporter-output>
          </reporter-output>
        </test-method> <!-- GetBook -->
        <test-method signature="GetAllBooks()[pri:3, instance:LibraryAPI.LibraryAPI@351d00c0]" started-at="2024-10-17T21:53:19 EDT" name="GetAllBooks" finished-at="2024-10-17T21:53:25 EDT" duration-ms="5553" status="FAIL">
          <exception class="java.lang.AssertionError">
            <message>
              <![CDATA[The following asserts failed:
expected [Learn Appium Automation with Java] but found [Learn Appium Automation with Java1234567]]]>
            </message>
            <full-stacktrace>
              <![CDATA[java.lang.AssertionError: The following asserts failed:
expected [Learn Appium Automation with Java] but found [Learn Appium Automation with Java1234567]
at org.testng.asserts.SoftAssert.assertAll(SoftAssert.java:46)
at org.testng.asserts.SoftAssert.assertAll(SoftAssert.java:30)
at LibraryAPI.LibraryAPI.GetAllBooks(LibraryAPI.java:106)
at java.base/jdk.internal.reflect.DirectMethodHandleAccessor.invoke(DirectMethodHandleAccessor.java:103)
at java.base/java.lang.reflect.Method.invoke(Method.java:580)
at org.testng.internal.invokers.MethodInvocationHelper.invokeMethod(MethodInvocationHelper.java:141)
at org.testng.internal.invokers.TestInvoker.invokeMethod(TestInvoker.java:686)
at org.testng.internal.invokers.TestInvoker.invokeTestMethod(TestInvoker.java:230)
at org.testng.internal.invokers.MethodRunner.runInSequence(MethodRunner.java:63)
at org.testng.internal.invokers.TestInvoker$MethodInvocationAgent.invoke(TestInvoker.java:992)
at org.testng.internal.invokers.TestInvoker.invokeTestMethods(TestInvoker.java:203)
at org.testng.internal.invokers.TestMethodWorker.invokeTestMethods(TestMethodWorker.java:154)
at org.testng.internal.invokers.TestMethodWorker.run(TestMethodWorker.java:134)
at java.base/java.util.ArrayList.forEach(ArrayList.java:1596)
at org.testng.TestRunner.privateRun(TestRunner.java:739)
at org.testng.TestRunner.run(TestRunner.java:614)
at org.testng.SuiteRunner.runTest(SuiteRunner.java:421)
at org.testng.SuiteRunner.runSequentially(SuiteRunner.java:413)
at org.testng.SuiteRunner.privateRun(SuiteRunner.java:373)
at org.testng.SuiteRunner.run(SuiteRunner.java:312)
at org.testng.SuiteRunnerWorker.runSuite(SuiteRunnerWorker.java:52)
at org.testng.SuiteRunnerWorker.run(SuiteRunnerWorker.java:95)
at org.testng.TestNG.runSuitesSequentially(TestNG.java:1274)
at org.testng.TestNG.runSuitesLocally(TestNG.java:1208)
at org.testng.TestNG.runSuites(TestNG.java:1112)
at org.testng.TestNG.run(TestNG.java:1079)
at org.testng.remote.AbstractRemoteTestNG.run(AbstractRemoteTestNG.java:115)
at org.testng.remote.RemoteTestNG.initAndRun(RemoteTestNG.java:293)
at org.testng.remote.RemoteTestNG.main(RemoteTestNG.java:91)
]]>
            </full-stacktrace>
          </exception> <!-- java.lang.AssertionError -->
          <reporter-output>
          </reporter-output>
        </test-method> <!-- GetAllBooks -->
        <test-method signature="RemoveBook(java.lang.String,int)[pri:4, instance:LibraryAPI.LibraryAPI@351d00c0]" started-at="2024-10-17T21:53:25 EDT" name="RemoveBook" data-provider="NewBooks" finished-at="2024-10-17T21:53:25 EDT" duration-ms="745" status="PASS">
          <params>
            <param index="0">
              <value>
                <![CDATA[Nish]]>
              </value>
            </param>
            <param index="1">
              <value>
                <![CDATA[100]]>
              </value>
            </param>
          </params>
          <reporter-output>
          </reporter-output>
        </test-method> <!-- RemoveBook -->
        <test-method signature="RemoveBook(java.lang.String,int)[pri:4, instance:LibraryAPI.LibraryAPI@351d00c0]" started-at="2024-10-17T21:53:25 EDT" name="RemoveBook" data-provider="NewBooks" finished-at="2024-10-17T21:53:26 EDT" duration-ms="742" status="PASS">
          <params>
            <param index="0">
              <value>
                <![CDATA[Rich]]>
              </value>
            </param>
            <param index="1">
              <value>
                <![CDATA[200]]>
              </value>
            </param>
          </params>
          <reporter-output>
          </reporter-output>
        </test-method> <!-- RemoveBook -->
      </class> <!-- LibraryAPI.LibraryAPI -->
    </test> <!-- Default test -->
  </suite> <!-- Default suite -->
</testng-results>
