<?xml version="1.0" encoding="UTF-8"?>
<testng-results ignored="0" total="5" passed="5" failed="0" skipped="0">
  <reporter-output>
  </reporter-output>
  <suite started-at="2024-11-16T19:17:47 EST" name="Suite" finished-at="2024-11-16T19:17:47 EST" duration-ms="65">
    <groups>
    </groups>
    <test started-at="2024-11-16T19:17:47 EST" name="Test1" finished-at="2024-11-16T19:17:47 EST" duration-ms="65">
      <class name="ParallelExecution.TestNGParallelTesting">
        <test-method signature="Test1()[pri:0, instance:ParallelExecution.TestNGParallelTesting@77fbd92c]" started-at="2024-11-16T19:17:47 EST" name="Test1" finished-at="2024-11-16T19:17:47 EST" duration-ms="12" status="PASS">
          <reporter-output>
          </reporter-output>
        </test-method> <!-- Test1 -->
        <test-method signature="Test2()[pri:0, instance:ParallelExecution.TestNGParallelTesting@77fbd92c]" started-at="2024-11-16T19:17:47 EST" name="Test2" finished-at="2024-11-16T19:17:47 EST" duration-ms="10" status="PASS">
          <reporter-output>
          </reporter-output>
        </test-method> <!-- Test2 -->
        <test-method signature="Test1()[pri:0, instance:ParallelExecution.TestNGParallelTesting@77fbd92c]" started-at="2024-11-16T19:17:47 EST" name="Test1" finished-at="2024-11-16T19:17:47 EST" duration-ms="12" status="PASS">
          <reporter-output>
          </reporter-output>
        </test-method> <!-- Test1 -->
        <test-method signature="Test3()[pri:0, instance:ParallelExecution.TestNGParallelTesting@77fbd92c]" started-at="2024-11-16T19:17:47 EST" name="Test3" finished-at="2024-11-16T19:17:47 EST" duration-ms="1" status="PASS">
          <reporter-output>
          </reporter-output>
        </test-method> <!-- Test3 -->
        <test-method signature="Test1()[pri:0, instance:ParallelExecution.TestNGParallelTesting@77fbd92c]" started-at="2024-11-16T19:17:47 EST" name="Test1" finished-at="2024-11-16T19:17:47 EST" duration-ms="3" status="PASS">
          <reporter-output>
          </reporter-output>
        </test-method> <!-- Test1 -->
      </class> <!-- ParallelExecution.TestNGParallelTesting -->
    </test> <!-- Test1 -->
  </suite> <!-- Suite -->
</testng-results>
